<?xml version="1.0" encoding="UTF-8"?>
<!-- Generated by org.testng.reporters.JUnitReportReporter -->
<testsuite hostname="WBOX62" failures="0" tests="1" name="fileDownload.DownloadFile" time="27.769" errors="0" timestamp="06 Aug 2024 12:27:57 GMT" skipped="0">
  <testcase classname="fileDownload.DownloadFile" name="downloadfile" time="27.769"/>
</testsuite> <!-- fileDownload.DownloadFile -->
